c:\users\cca014\source\repos\project3\project3\debug\vc141.pdb
c:\users\cca014\source\repos\project3\project3\debug\vc141.idb
c:\users\cca014\source\repos\project3\project3\debug\card.obj
c:\users\cca014\source\repos\project3\project3\debug\deck.obj
c:\users\cca014\source\repos\project3\project3\debug\hand.obj
c:\users\cca014\source\repos\project3\project3\debug\project3.obj
c:\users\cca014\source\repos\project3\project3\debug\project3.pch
c:\users\cca014\source\repos\project3\project3\debug\pch.obj
c:\users\cca014\source\repos\project3\project3\debug\main.obj
c:\users\cca014\source\repos\project3\debug\project3.exe
c:\users\cca014\source\repos\project3\debug\project3.ilk
c:\users\cca014\source\repos\project3\debug\project3.pdb
d:\fivecarddraw\project3\debug\card.obj
d:\fivecarddraw\project3\debug\deck.obj
d:\fivecarddraw\project3\debug\hand.obj
d:\fivecarddraw\project3\debug\main.obj
d:\fivecarddraw\project3\debug\pch.obj
d:\fivecarddraw\project3\debug\project3.obj
d:\fivecarddraw\project3\debug\deck.obj.enc
d:\fivecarddraw\project3\debug\project3.pch
d:\fivecarddraw\project3\debug\vc141.idb
d:\fivecarddraw\project3\debug\vc141.pdb
d:\fivecarddraw\debug\project3.pdb
d:\fivecarddraw\debug\project3.exe
d:\fivecarddraw\debug\project3.ilk
d:\fivecarddraw\project3\debug\project3.tlog\cl.command.1.tlog
d:\fivecarddraw\project3\debug\project3.tlog\cl.read.1.tlog
d:\fivecarddraw\project3\debug\project3.tlog\cl.write.1.tlog
d:\fivecarddraw\project3\debug\project3.tlog\link.command.1.tlog
d:\fivecarddraw\project3\debug\project3.tlog\link.read.1.tlog
d:\fivecarddraw\project3\debug\project3.tlog\link.write.1.tlog
